2026-03-29 00:32:31,406 - trading_bot - INFO - Initializing Binance Client with Futures Testnet configuration.
2026-03-29 00:32:32,357 - trading_bot - INFO - Requesting MARKET BUY order for 0.005 BTCUSDT
2026-03-29 00:32:32,357 - trading_bot - INFO - Submitting MARKET parameters: {'symbol': 'BTCUSDT', 'side': 'BUY', 'type': 'MARKET', 'quantity': 0.005}
2026-03-29 00:32:33,210 - trading_bot - ERROR - Binance API Exception occurred: 401 - Invalid API-key, IP, or permissions for action
2026-03-29 00:51:44,772 - trading_bot - INFO - Initializing Binance Client with Futures Testnet configuration.
2026-03-29 00:51:45,720 - trading_bot - INFO - Requesting MARKET BUY order for 0.005 BTCUSDT
2026-03-29 00:51:45,722 - trading_bot - INFO - Submitting MARKET parameters: {'symbol': 'BTCUSDT', 'side': 'BUY', 'type': 'MARKET', 'quantity': 0.005}
2026-03-29 00:51:46,570 - trading_bot - ERROR - Binance API Exception occurred: 401 - Invalid API-key, IP, or permissions for action
2026-03-29 00:53:37,451 - trading_bot - INFO - Initializing Binance Client with Futures Testnet configuration.
2026-03-29 00:53:38,425 - trading_bot - INFO - Requesting MARKET BUY order for 0.005 BTCUSDT
2026-03-29 00:53:38,425 - trading_bot - INFO - Submitting MARKET parameters: {'symbol': 'BTCUSDT', 'side': 'BUY', 'type': 'MARKET', 'quantity': 0.005}
2026-03-29 00:53:39,172 - trading_bot - ERROR - Binance API Exception occurred: 401 - Invalid API-key, IP, or permissions for action
2026-03-29 01:03:06,627 - trading_bot - INFO - Initializing Binance Client with Futures Testnet configuration.
2026-03-29 01:03:07,750 - trading_bot - INFO - Requesting MARKET BUY order for 0.005 BTCUSDT
2026-03-29 01:03:07,750 - trading_bot - INFO - Submitting MARKET parameters: {'symbol': 'BTCUSDT', 'side': 'BUY', 'type': 'MARKET', 'quantity': 0.005}
2026-03-29 01:03:08,549 - trading_bot - INFO - Order Success - Response: {'orderId': 13002829640, 'symbol': 'BTCUSDT', 'status': 'NEW', 'clientOrderId': 'OOIZwIfuH9szcJi81aYo8Q', 'price': '0.00', 'avgPrice': '0.00', 'origQty': '0.005', 'executedQty': '0.000', 'cumQty': '0.000', 'cumQuote': '0.00000', 'timeInForce': 'GTC', 'type': 'MARKET', 'reduceOnly': False, 'closePosition': False, 'side': 'BUY', 'positionSide': 'BOTH', 'stopPrice': '0.00', 'workingType': 'CONTRACT_PRICE', 'priceProtect': False, 'origType': 'MARKET', 'priceMatch': 'NONE', 'selfTradePreventionMode': 'EXPIRE_MAKER', 'goodTillDate': 0, 'updateTime': 1774726387887}
2026-03-29 01:06:45,375 - trading_bot - INFO - Initializing Binance Client with Futures Testnet configuration.
2026-03-29 01:06:46,037 - trading_bot - INFO - Requesting LIMIT BUY order for 0.005 BTCUSDT at price 60000.0
2026-03-29 01:06:46,037 - trading_bot - INFO - Submitting LIMIT parameters: {'symbol': 'BTCUSDT', 'side': 'BUY', 'type': 'LIMIT', 'quantity': 0.005, 'timeInForce': 'GTC', 'price': 60000.0}
2026-03-29 01:06:46,659 - trading_bot - INFO - Order Success - Response: {'orderId': 13002834517, 'symbol': 'BTCUSDT', 'status': 'NEW', 'clientOrderId': 'hVwJ3WOfEc63KqStnJE086', 'price': '60000.00', 'avgPrice': '0.00', 'origQty': '0.005', 'executedQty': '0.000', 'cumQty': '0.000', 'cumQuote': '0.00000', 'timeInForce': 'GTC', 'type': 'LIMIT', 'reduceOnly': False, 'closePosition': False, 'side': 'BUY', 'positionSide': 'BOTH', 'stopPrice': '0.00', 'workingType': 'CONTRACT_PRICE', 'priceProtect': False, 'origType': 'LIMIT', 'priceMatch': 'NONE', 'selfTradePreventionMode': 'EXPIRE_MAKER', 'goodTillDate': 0, 'updateTime': 1774726606005}
